[23:19:24] [ServerMain/INFO]: Environment: Environment[sessionHost=https://sessionserver.mojang.com, servicesHost=https://api.minecraftservices.com, name=PROD]
[23:19:27] [ServerMain/INFO]: Loaded 1290 recipes
[23:19:27] [ServerMain/INFO]: Loaded 1399 advancements
[23:19:28] [Server thread/INFO]: Starting minecraft server version 1.21
[23:19:28] [Server thread/INFO]: Loading properties
[23:19:28] [Server thread/INFO]: This server is running Paper version 1.21-1-master@21c9a7c (2024-06-17T19:43:38Z) (Implementing API version 1.21-R0.1-SNAPSHOT)
[23:19:29] [Server thread/INFO]: Server Ping Player Sample Count: 12
[23:19:29] [Server thread/INFO]: Using 4 threads for Netty based IO
[23:19:30] [Server thread/WARN]: [!] The timings profiler has been enabled but has been scheduled for removal from Paper in the future.
    We recommend installing the spark profiler as a replacement: https://spark.lucko.me/
    For more information please visit: https://github.com/PaperMC/Paper/issues/8948
[23:19:30] [Server thread/INFO]: [ChunkTaskScheduler] Chunk system is using 1 I/O threads, 1 worker threads, and population gen parallelism of 1 threads
[23:19:31] [Server thread/INFO]: Default game type: SURVIVAL
[23:19:31] [Server thread/INFO]: Generating keypair
[23:19:31] [Server thread/INFO]: Starting Minecraft server on *:25565
[23:19:31] [Server thread/INFO]: Using epoll channel type
[23:19:31] [Server thread/INFO]: Paper: Using libdeflate (Linux x86_64) compression from Velocity.
[23:19:31] [Server thread/INFO]: Paper: Using OpenSSL 3.0.x (Linux x86_64) cipher from Velocity.
[23:19:32] [Server thread/INFO]: [Geyser-Spigot] Loading server plugin Geyser-Spigot v2.4.0-SNAPSHOT
[23:19:35] [Server thread/INFO]: [Geyser-Spigot] Loading extensions...
[23:19:35] [Server thread/INFO]: [Geyser-Spigot] Loaded 0 extension(s)
[23:19:35] [Server thread/INFO]: Server permissions file permissions.yml is empty, ignoring it
[23:19:35] [Server thread/WARN]: **** SERVER IS RUNNING IN OFFLINE/INSECURE MODE!
[23:19:35] [Server thread/WARN]: The server will make no attempt to authenticate usernames. Beware.
[23:19:35] [Server thread/WARN]: While this makes the game possible to play without internet access, it also opens up the ability for hackers to connect with any username they choose.
[23:19:35] [Server thread/WARN]: To change this, set "online-mode" to "true" in the server.properties file.
[23:19:35] [Server thread/INFO]: Preparing level "world"
[23:19:36] [Server thread/INFO]: Preparing start region for dimension minecraft:overworld
[23:19:38] [Server thread/INFO]: Time elapsed: 1997 ms
[23:19:38] [Server thread/INFO]: Preparing start region for dimension minecraft:the_nether
[23:19:38] [Server thread/INFO]: Time elapsed: 313 ms
[23:19:38] [Server thread/INFO]: Preparing start region for dimension minecraft:the_end
[23:19:39] [Server thread/INFO]: Time elapsed: 210 ms
[23:19:39] [Server thread/INFO]: [Geyser-Spigot] Enabling Geyser-Spigot v2.4.0-SNAPSHOT
[23:19:39] [Server thread/INFO]: [Geyser-Spigot] ******************************************
[23:19:39] [Server thread/INFO]: [Geyser-Spigot] 
[23:19:39] [Server thread/INFO]: [Geyser-Spigot] Loading Geyser version 2.4.0-SNAPSHOT (git-master-77fa37f)
[23:19:39] [Server thread/INFO]: [Geyser-Spigot] 
[23:19:39] [Server thread/INFO]: [Geyser-Spigot] ******************************************
[23:19:52] [epollEventLoopGroup-3-1/INFO]: [Geyser-Spigot] Started Geyser on 0.0.0.0:19132
[23:19:52] [Server thread/INFO]: [Geyser-Spigot] Done (12.765s)! Run /geyser help for help!
[23:19:52] [Server thread/INFO]: Running delayed init tasks
[23:19:52] [Server thread/INFO]: Done (23.902s)! For help, type "help"
[23:19:52] [Server thread/INFO]: Timings Reset
[23:19:52] [User Authenticator #0/INFO]: UUID of player Gamequic is cdc715a3-b9b8-3400-a4cc-978c108b6745
[23:19:53] [Server thread/INFO]: Gamequic joined the game
[23:19:53] [Server thread/INFO]: Gamequic[/201.127.183.52:52993] logged in with entity id 63 at ([world]4.5, 137.0, 0.5)
[23:19:56] [Server thread/INFO]: Gamequic issued server command: /gamemode creative
[23:19:56] [Server thread/INFO]: [Gamequic: Set own game mode to Creative Mode]
[23:20:05] [Server thread/INFO]: Gamequic lost connection: Disconnected
[23:20:05] [Server thread/INFO]: Gamequic left the game
[23:20:06] [Server thread/INFO]: Stopping server
[23:20:06] [Server thread/INFO]: [Geyser-Spigot] Disabling Geyser-Spigot v2.4.0-SNAPSHOT
[23:20:06] [Server thread/INFO]: [Geyser-Spigot] Shutting down Geyser.
[23:20:06] [Server thread/INFO]: [Geyser-Spigot] Geyser shutdown successfully.
[23:20:06] [Server thread/INFO]: Saving players
[23:20:06] [Server thread/INFO]: Saving worlds
[23:20:06] [Server thread/INFO]: Saving chunks for level 'ServerLevel[world]'/minecraft:overworld
[23:20:06] [Server thread/INFO]: [ChunkHolderManager] Waiting 60s for chunk system to halt for world 'world'
[23:20:06] [Server thread/INFO]: [ChunkHolderManager] Halted chunk system for world 'world'
[23:20:06] [Server thread/INFO]: [ChunkHolderManager] Saving all chunkholders for world 'world'
[23:20:09] [Server thread/INFO]: [ChunkHolderManager] Saved 650 block chunks, 650 entity chunks, 0 poi chunks in world 'world' in 2.67s
[23:20:09] [Server thread/INFO]: Saving chunks for level 'ServerLevel[world_nether]'/minecraft:the_nether
[23:20:10] [Server thread/INFO]: [ChunkHolderManager] Waiting 60s for chunk system to halt for world 'world_nether'
[23:20:10] [Server thread/INFO]: [ChunkHolderManager] Halted chunk system for world 'world_nether'
[23:20:10] [Server thread/INFO]: [ChunkHolderManager] Saving all chunkholders for world 'world_nether'
[23:20:10] [Server thread/INFO]: [ChunkHolderManager] Saved 49 block chunks, 49 entity chunks, 0 poi chunks in world 'world_nether' in 0.37s
[23:20:10] [Server thread/INFO]: Saving chunks for level 'ServerLevel[world_the_end]'/minecraft:the_end
[23:20:10] [Server thread/INFO]: [ChunkHolderManager] Waiting 60s for chunk system to halt for world 'world_the_end'
[23:20:10] [Server thread/INFO]: [ChunkHolderManager] Halted chunk system for world 'world_the_end'
[23:20:10] [Server thread/INFO]: [ChunkHolderManager] Saving all chunkholders for world 'world_the_end'
[23:20:10] [Server thread/INFO]: [ChunkHolderManager] Saved 49 block chunks, 49 entity chunks, 0 poi chunks in world 'world_the_end' in 0.25s
[23:20:11] [Server thread/INFO]: ThreadedAnvilChunkStorage (world): All chunks are saved
[23:20:11] [Server thread/INFO]: ThreadedAnvilChunkStorage (DIM-1): All chunks are saved
[23:20:11] [Server thread/INFO]: ThreadedAnvilChunkStorage (DIM1): All chunks are saved
[23:20:11] [Server thread/INFO]: ThreadedAnvilChunkStorage: All dimensions are saved
